#
# A fatal error has been detected by the Java Runtime Environment:
#
#  EXCEPTION_ACCESS_VIOLATION (0xc0000005) at pc=0x00007ffd3b44ff5a, pid=6704, tid=0x0000000000000874
#
# JRE version: Java(TM) SE Runtime Environment (8.0_144-b01) (build 1.8.0_144-b01)
# Java VM: Java HotSpot(TM) 64-Bit Server VM (25.144-b01 mixed mode windows-amd64 compressed oops)
# Problematic frame:
# C  [lwjgl_opengl.dll+0xff5a]
#
# Failed to write core dump. Minidumps are not enabled by default on client versions of Windows
#
# If you would like to submit a bug report, please visit:
#   http://bugreport.java.com/bugreport/crash.jsp
# The crash happened outside the Java Virtual Machine in native code.
# See problematic frame for where to report the bug.
#

---------------  T H R E A D  ---------------

Current thread (0x0000000003194000):  JavaThread "main" [_thread_in_native, id=2164, stack(0x0000000003090000,0x0000000003190000)]

siginfo: ExceptionCode=0xc0000005, reading address 0x0000000000001eb0

Registers:
RAX=0x0000000056531d50, RBX=0x0000000015465e70, RCX=0x0000000000001701, RDX=0x0000000000000000
RSP=0x000000000318f728, RBP=0x000000000318f798, RSI=0x0000000000000255, RDI=0x000000000329835d
R8 =0x0000000000001701, R9 =0x00000000013a7ac0, R10=0x00000000032a7988, R11=0x0000000055fbbc50
R12=0x0000000000000000, R13=0x0000000015465e68, R14=0x000000000318f7b8, R15=0x0000000003194000
RIP=0x00007ffd3b44ff5a, EFLAGS=0x0000000000010206

Top of Stack: (sp=0x000000000318f728)
0x000000000318f728:   00000000032a79b4 0000000003194000
0x000000000318f738:   0000000015465e70 0000000000000255
0x000000000318f748:   0000000003194000 00000000032a76e2
0x000000000318f758:   000000000318f758 0000000015465e68
0x000000000318f768:   000000000318f7b8 00000000154803d0
0x000000000318f778:   0000000000000000 0000000015465e70
0x000000000318f788:   0000000000000000 000000000318f7b8
0x000000000318f798:   000000000318f800 000000000329835d
0x000000000318f7a8:   00000000ebaa5e70 00000000032a19d8
0x000000000318f7b8:   0000000000001701 000000000318f7c0
0x000000000318f7c8:   0000000015311229 000000000318f840
0x000000000318f7d8:   0000000015311558 0000000000000000
0x000000000318f7e8:   00000000153112b8 000000000318f7b8
0x000000000318f7f8:   000000000318f840 000000000318f888
0x000000000318f808:   000000000329835d 00000000eba902d8
0x000000000318f818:   00000000eba5e538 00000000eba5e500 

Instructions: (pc=0x00007ffd3b44ff5a)
0x00007ffd3b44ff3a:   28 41 8b d1 41 8b cb 4c 8b 50 18 49 ff a2 30 1e
0x00007ffd3b44ff4a:   00 00 cc cc cc cc 48 8b 01 41 8b c8 48 8b 50 18
0x00007ffd3b44ff5a:   48 ff a2 b0 1e 00 00 cc cc cc cc cc cc cc cc cc
0x00007ffd3b44ff6a:   cc cc cc cc cc cc 48 8b 01 49 8b c8 48 8b 50 18 


Register to memory mapping:

RAX=0x0000000056531d50 is an unknown value
RBX={method} {0x0000000015465e78} 'glMatrixMode' '(I)V' in 'org/lwjgl/opengl/GL11'
RCX=0x0000000000001701 is an unknown value
RDX=0x0000000000000000 is an unknown value
RSP=0x000000000318f728 is pointing into the stack for thread: 0x0000000003194000
RBP=0x000000000318f798 is pointing into the stack for thread: 0x0000000003194000
RSI=0x0000000000000255 is an unknown value
RDI=0x000000000329835d is at code_begin+2301 in an Interpreter codelet
invoke return entry points  [0x0000000003297a60, 0x0000000003298440]  2528 bytes
R8 =0x0000000000001701 is an unknown value
R9 =0x00000000013a7ac0 is an unknown value
R10=0x00000000032a7988 is at code_begin+840 in an Interpreter codelet
method entry point (kind = native)  [0x00000000032a7640, 0x00000000032a7fa0]  2400 bytes
R11=0x0000000055fbbc50 is an unknown value
R12=0x0000000000000000 is an unknown value
R13=0x0000000015465e68 is pointing into metadata
R14=0x000000000318f7b8 is pointing into the stack for thread: 0x0000000003194000
R15=0x0000000003194000 is a thread


Stack: [0x0000000003090000,0x0000000003190000],  sp=0x000000000318f728,  free space=1021k
Native frames: (J=compiled Java code, j=interpreted, Vv=VM code, C=native code)
C  [lwjgl_opengl.dll+0xff5a]

Java frames: (J=compiled Java code, j=interpreted, Vv=VM code)
j  org.lwjgl.opengl.GL11.glMatrixMode(I)V+0
j  ru.asfick.main.Window.init()V+241
j  ru.asfick.main.Window.run()V+30
j  ru.asfick.main.Main.main([Ljava/lang/String;)V+23
v  ~StubRoutines::call_stub

---------------  P R O C E S S  ---------------

Java Threads: ( => current thread )
  0x0000000017229800 JavaThread "Service Thread" daemon [_thread_blocked, id=4832, stack(0x0000000017600000,0x0000000017700000)]
  0x00000000158b9000 JavaThread "C1 CompilerThread2" daemon [_thread_blocked, id=7372, stack(0x0000000017100000,0x0000000017200000)]
  0x00000000158b6000 JavaThread "C2 CompilerThread1" daemon [_thread_blocked, id=7720, stack(0x0000000017000000,0x0000000017100000)]
  0x00000000158b3800 JavaThread "C2 CompilerThread0" daemon [_thread_blocked, id=6584, stack(0x0000000016f00000,0x0000000017000000)]
  0x00000000158b2800 JavaThread "Attach Listener" daemon [_thread_blocked, id=1264, stack(0x0000000016e00000,0x0000000016f00000)]
  0x00000000158b1000 JavaThread "Signal Dispatcher" daemon [_thread_blocked, id=6332, stack(0x0000000016d00000,0x0000000016e00000)]
  0x000000001589f800 JavaThread "Finalizer" daemon [_thread_blocked, id=7312, stack(0x0000000016b10000,0x0000000016c10000)]
  0x0000000015879000 JavaThread "Reference Handler" daemon [_thread_blocked, id=5260, stack(0x0000000016a10000,0x0000000016b10000)]
=>0x0000000003194000 JavaThread "main" [_thread_in_native, id=2164, stack(0x0000000003090000,0x0000000003190000)]

Other Threads:
  0x0000000015877000 VMThread [stack: 0x0000000016910000,0x0000000016a10000] [id=7300]
  0x000000001726f000 WatcherThread [stack: 0x0000000017840000,0x0000000017940000] [id=7604]

VM state:not at safepoint (normal execution)

VM Mutex/Monitor currently owned by a thread: None

Heap:
 PSYoungGen      total 18944K, used 10762K [0x00000000eb100000, 0x00000000ec600000, 0x0000000100000000)
  eden space 16384K, 65% used [0x00000000eb100000,0x00000000ebb828f0,0x00000000ec100000)
  from space 2560K, 0% used [0x00000000ec380000,0x00000000ec380000,0x00000000ec600000)
  to   space 2560K, 0% used [0x00000000ec100000,0x00000000ec100000,0x00000000ec380000)
 ParOldGen       total 44032K, used 0K [0x00000000c1200000, 0x00000000c3d00000, 0x00000000eb100000)
  object space 44032K, 0% used [0x00000000c1200000,0x00000000c1200000,0x00000000c3d00000)
 Metaspace       used 6218K, capacity 6458K, committed 6784K, reserved 1056768K
  class space    used 676K, capacity 774K, committed 896K, reserved 1048576K

Card table byte_map: [0x0000000012650000,0x0000000012850000] byte_map_base: 0x0000000012047000

Marking Bits: (ParMarkBitMap*) 0x00000000565ad850
 Begin Bits: [0x0000000012da0000, 0x0000000013d58000)
 End Bits:   [0x0000000013d58000, 0x0000000014d10000)

Polling page: 0x0000000001a10000

CodeCache: size=245760Kb used=2691Kb max_used=2703Kb free=243068Kb
 bounds [0x0000000003290000, 0x0000000003540000, 0x0000000012290000]
 total_blobs=1283 nmethods=575 adapters=622
 compilation: enabled

Compilation events (10 events):
Event: 2.955 Thread 0x00000000158b9000 nmethod 567 0x0000000003525d10 code [0x0000000003525e80, 0x0000000003525fe8]
Event: 2.955 Thread 0x00000000158b9000  570       3       java.util.WeakHashMap::remove (133 bytes)
Event: 2.958 Thread 0x00000000158b9000 nmethod 570 0x0000000003524bd0 code [0x0000000003524dc0, 0x0000000003525888]
Event: 2.962 Thread 0x00000000158b6000  571   !   4       sun.misc.URLClassPath$JarLoader::getResource (85 bytes)
Event: 2.965 Thread 0x00000000158b3800 nmethod 569 0x00000000035245d0 code [0x0000000003524720, 0x0000000003524978]
Event: 2.975 Thread 0x00000000158b9000  572       3       java.lang.String::concat (47 bytes)
Event: 2.977 Thread 0x00000000158b9000 nmethod 572 0x000000000352c610 code [0x000000000352c7e0, 0x000000000352cf98]
Event: 2.978 Thread 0x00000000158b9000  573       3       java.lang.String::getChars (16 bytes)
Event: 2.979 Thread 0x00000000158b9000 nmethod 573 0x0000000003524190 code [0x0000000003524300, 0x0000000003524508]
Event: 2.988 Thread 0x00000000158b9000  574   !   3       java.net.URL::<init> (543 bytes)

GC Heap History (0 events):
No events

Deoptimization events (2 events):
Event: 0.433 Thread 0x0000000003194000 Uncommon trap: reason=unstable_if action=reinterpret pc=0x00000000033a1078 method=java.lang.String.hashCode()I @ 14
Event: 0.982 Thread 0x0000000003194000 Uncommon trap: reason=unstable_if action=reinterpret pc=0x000000000345012c method=java.lang.String.indexOf([CII[CIII)I @ 134

Internal exceptions (10 events):
Event: 0.401 Thread 0x0000000003194000 Exception <a 'java/io/FileNotFoundException'> (0x00000000eb1b63e0) thrown at [C:\re\workspace\8-2-build-windows-amd64-cygwin\jdk8u144\9417\hotspot\src\share\vm\prims\jni.cpp, line 709]
Event: 0.827 Thread 0x0000000003194000 Exception <a 'java/lang/NoSuchMethodError': java.lang.Object.lambda$static$0(Ljava/lang/String;)Ljava/lang/Boolean;> (0x00000000eb4c4a48) thrown at [C:\re\workspace\8-2-build-windows-amd64-cygwin\jdk8u144\9417\hotspot\src\share\vm\interpreter\linkResolver
Event: 0.879 Thread 0x0000000003194000 Exception <a 'java/lang/NoSuchFieldError': method resolution failed> (0x00000000eb53c860) thrown at [C:\re\workspace\8-2-build-windows-amd64-cygwin\jdk8u144\9417\hotspot\src\share\vm\prims\methodHandles.cpp, line 1146]
Event: 0.886 Thread 0x0000000003194000 Exception <a 'java/lang/NoSuchFieldError': method resolution failed> (0x00000000eb549c98) thrown at [C:\re\workspace\8-2-build-windows-amd64-cygwin\jdk8u144\9417\hotspot\src\share\vm\prims\methodHandles.cpp, line 1146]
Event: 0.974 Thread 0x0000000003194000 Exception <a 'java/security/PrivilegedActionException'> (0x00000000eb5db5b8) thrown at [C:\re\workspace\8-2-build-windows-amd64-cygwin\jdk8u144\9417\hotspot\src\share\vm\prims\jvm.cpp, line 1390]
Event: 0.974 Thread 0x0000000003194000 Exception <a 'java/security/PrivilegedActionException'> (0x00000000eb5db7c8) thrown at [C:\re\workspace\8-2-build-windows-amd64-cygwin\jdk8u144\9417\hotspot\src\share\vm\prims\jvm.cpp, line 1390]
Event: 0.977 Thread 0x0000000003194000 Exception <a 'java/security/PrivilegedActionException'> (0x00000000eb5df438) thrown at [C:\re\workspace\8-2-build-windows-amd64-cygwin\jdk8u144\9417\hotspot\src\share\vm\prims\jvm.cpp, line 1390]
Event: 0.977 Thread 0x0000000003194000 Exception <a 'java/security/PrivilegedActionException'> (0x00000000eb5df648) thrown at [C:\re\workspace\8-2-build-windows-amd64-cygwin\jdk8u144\9417\hotspot\src\share\vm\prims\jvm.cpp, line 1390]
Event: 2.969 Thread 0x0000000003194000 Exception <a 'sun/nio/fs/WindowsException'> (0x00000000ebb24a88) thrown at [C:\re\workspace\8-2-build-windows-amd64-cygwin\jdk8u144\9417\hotspot\src\share\vm\prims\jni.cpp, line 709]
Event: 2.972 Thread 0x0000000003194000 Exception <a 'sun/nio/fs/WindowsException'> (0x00000000ebb252a8) thrown at [C:\re\workspace\8-2-build-windows-amd64-cygwin\jdk8u144\9417\hotspot\src\share\vm\prims\jni.cpp, line 709]

Events (10 events):
Event: 2.972 loading class java/nio/file/NoSuchFileException
Event: 2.973 loading class java/nio/file/FileSystemException
Event: 2.973 loading class java/nio/file/FileSystemException done
Event: 2.973 loading class java/nio/file/NoSuchFileException done
Event: 2.975 loading class org/lwjgl/opengl/GL$1
Event: 2.975 loading class org/lwjgl/opengl/GL$1 done
Event: 2.980 loading class org/lwjgl/opengl/GL$SharedLibraryGL
Event: 2.980 loading class org/lwjgl/opengl/GL$SharedLibraryGL done
Event: 2.985 loading class org/lwjgl/system/SharedLibrary$Delegate
Event: 2.985 loading class org/lwjgl/system/SharedLibrary$Delegate done


Dynamic libraries:
0x00007ff73dde0000 - 0x00007ff73de17000 	C:\Program Files\Java\jre1.8.0_144\bin\javaw.exe
0x00007ffd502f0000 - 0x00007ffd504c1000 	C:\WINDOWS\SYSTEM32\ntdll.dll
0x00007ffd4fff0000 - 0x00007ffd5009b000 	C:\WINDOWS\System32\KERNEL32.DLL
0x00007ffd4d370000 - 0x00007ffd4d58d000 	C:\WINDOWS\System32\KERNELBASE.dll
0x00007ffd4fd70000 - 0x00007ffd4fe12000 	C:\WINDOWS\System32\ADVAPI32.dll
0x00007ffd4fb80000 - 0x00007ffd4fc1e000 	C:\WINDOWS\System32\msvcrt.dll
0x00007ffd4f940000 - 0x00007ffd4f999000 	C:\WINDOWS\System32\sechost.dll
0x00007ffd4fc20000 - 0x00007ffd4fd41000 	C:\WINDOWS\System32\RPCRT4.dll
0x00007ffd4fa10000 - 0x00007ffd4fb75000 	C:\WINDOWS\System32\USER32.dll
0x00007ffd4d350000 - 0x00007ffd4d36e000 	C:\WINDOWS\System32\win32u.dll
0x00007ffd4db50000 - 0x00007ffd4db84000 	C:\WINDOWS\System32\GDI32.dll
0x00007ffd4d170000 - 0x00007ffd4d2f2000 	C:\WINDOWS\System32\gdi32full.dll
0x00007ffd421c0000 - 0x00007ffd4243a000 	C:\WINDOWS\WinSxS\amd64_microsoft.windows.common-controls_6595b64144ccf1df_6.0.14393.953_none_42151e83c686086b\COMCTL32.dll
0x00007ffd4d880000 - 0x00007ffd4db48000 	C:\WINDOWS\System32\combase.dll
0x00007ffd4c840000 - 0x00007ffd4c935000 	C:\WINDOWS\System32\ucrtbase.dll
0x00007ffd4d760000 - 0x00007ffd4d7ca000 	C:\WINDOWS\System32\bcryptPrimitives.dll
0x00007ffd4ffc0000 - 0x00007ffd4ffee000 	C:\WINDOWS\System32\IMM32.DLL
0x0000000055ae0000 - 0x0000000055bb2000 	C:\Program Files\Java\jre1.8.0_144\bin\msvcr100.dll
0x0000000055d90000 - 0x000000005662d000 	C:\Program Files\Java\jre1.8.0_144\bin\server\jvm.dll
0x00007ffd4fd60000 - 0x00007ffd4fd68000 	C:\WINDOWS\System32\PSAPI.DLL
0x00007ffd46770000 - 0x00007ffd46779000 	C:\WINDOWS\SYSTEM32\WSOCK32.dll
0x00007ffd4a700000 - 0x00007ffd4a723000 	C:\WINDOWS\SYSTEM32\WINMM.dll
0x00007ffd3f820000 - 0x00007ffd3f82a000 	C:\WINDOWS\SYSTEM32\VERSION.dll
0x00007ffd4a6d0000 - 0x00007ffd4a6fb000 	C:\WINDOWS\SYSTEM32\WINMMBASE.dll
0x00007ffd4d300000 - 0x00007ffd4d342000 	C:\WINDOWS\System32\cfgmgr32.dll
0x00007ffd4f9a0000 - 0x00007ffd4fa0a000 	C:\WINDOWS\System32\WS2_32.dll
0x0000000055ca0000 - 0x0000000055caf000 	C:\Program Files\Java\jre1.8.0_144\bin\verify.dll
0x0000000055c70000 - 0x0000000055c99000 	C:\Program Files\Java\jre1.8.0_144\bin\java.dll
0x0000000055c50000 - 0x0000000055c66000 	C:\Program Files\Java\jre1.8.0_144\bin\zip.dll
0x00007ffd4de20000 - 0x00007ffd4f328000 	C:\WINDOWS\System32\SHELL32.dll
0x00007ffd4c9e0000 - 0x00007ffd4d0ba000 	C:\WINDOWS\System32\windows.storage.dll
0x00007ffd4c780000 - 0x00007ffd4c7cc000 	C:\WINDOWS\System32\powrprof.dll
0x00007ffd4dd20000 - 0x00007ffd4dd72000 	C:\WINDOWS\System32\shlwapi.dll
0x00007ffd4c770000 - 0x00007ffd4c77f000 	C:\WINDOWS\System32\kernel.appcore.dll
0x00007ffd4d7d0000 - 0x00007ffd4d879000 	C:\WINDOWS\System32\shcore.dll
0x00007ffd4c750000 - 0x00007ffd4c764000 	C:\WINDOWS\System32\profapi.dll
0x0000000055c30000 - 0x0000000055c4a000 	C:\Program Files\Java\jre1.8.0_144\bin\net.dll
0x00007ffd4c020000 - 0x00007ffd4c07c000 	C:\WINDOWS\system32\mswsock.dll
0x0000000055c10000 - 0x0000000055c21000 	C:\Program Files\Java\jre1.8.0_144\bin\nio.dll
0x00007ffd3d650000 - 0x00007ffd3d6a8000 	C:\Users\YarikBur\AppData\Local\Temp\lwjglYarikBur\3.1.4-SNAPSHOT\lwjgl.dll
0x00007ffd3b4e0000 - 0x00007ffd3b52d000 	C:\Users\YarikBur\AppData\Local\Temp\lwjglYarikBur\3.1.4-SNAPSHOT\glfw.dll
0x00007ffd4aeb0000 - 0x00007ffd4af45000 	C:\WINDOWS\system32\uxtheme.dll
0x00007ffd3b4a0000 - 0x00007ffd3b4e0000 	C:\WINDOWS\SYSTEM32\dinput8.dll
0x00007ffd45e90000 - 0x00007ffd45e9e000 	C:\WINDOWS\SYSTEM32\xinput1_4.dll
0x00007ffd4b3f0000 - 0x00007ffd4b418000 	C:\WINDOWS\SYSTEM32\DEVOBJ.dll
0x00007ffd4a550000 - 0x00007ffd4a576000 	C:\WINDOWS\SYSTEM32\dwmapi.dll
0x00007ffd4f7c0000 - 0x00007ffd4f91a000 	C:\WINDOWS\System32\MSCTF.dll
0x00007ffd4db90000 - 0x00007ffd4dc4f000 	C:\WINDOWS\System32\OLEAUT32.dll
0x00007ffd4c940000 - 0x00007ffd4c9dc000 	C:\WINDOWS\System32\msvcp_win.dll
0x00007ffd3f050000 - 0x00007ffd3f0e8000 	C:\Program Files\Common Files\microsoft shared\ink\tiptsf.dll
0x00007ffd4b630000 - 0x00007ffd4b63c000 	C:\WINDOWS\SYSTEM32\HID.DLL
0x00007ffd4f390000 - 0x00007ffd4f7b9000 	C:\WINDOWS\System32\SETUPAPI.DLL
0x00007ffd4c7e0000 - 0x00007ffd4c835000 	C:\WINDOWS\System32\WINTRUST.dll
0x00007ffd4c7d0000 - 0x00007ffd4c7e0000 	C:\WINDOWS\System32\MSASN1.dll
0x00007ffd4d590000 - 0x00007ffd4d759000 	C:\WINDOWS\System32\CRYPT32.dll
0x00007ffd2b430000 - 0x00007ffd2b553000 	C:\WINDOWS\SYSTEM32\opengl32.dll
0x00007ffd2a6c0000 - 0x00007ffd2a7b7000 	C:\WINDOWS\SYSTEM32\DDRAW.dll
0x00007ffd40a70000 - 0x00007ffd40a9d000 	C:\WINDOWS\SYSTEM32\GLU32.dll
0x00007ffd45150000 - 0x00007ffd45158000 	C:\WINDOWS\SYSTEM32\DCIMAN32.dll
0x00007ffd24b90000 - 0x00007ffd2587c000 	C:\WINDOWS\SYSTEM32\ig8icd64.dll
0x00007ffd47670000 - 0x00007ffd48096000 	C:\WINDOWS\SYSTEM32\igdusc64.dll
0x00007ffd4a4c0000 - 0x00007ffd4a4d3000 	C:\WINDOWS\SYSTEM32\WTSAPI32.dll
0x00007ffd3b440000 - 0x00007ffd3b49f000 	C:\Users\YarikBur\AppData\Local\Temp\lwjglYarikBur\3.1.4-SNAPSHOT\lwjgl_opengl.dll
0x00007ffd494a0000 - 0x00007ffd49632000 	C:\WINDOWS\SYSTEM32\dbghelp.dll

VM Arguments:
jvm_args: -Dfile.encoding=Cp1251 
java_command: ru.asfick.main.Main
java_class_path (initial): C:\Users\YarikBur\Desktop\workspace\Technology-Project\bin;C:\Users\YarikBur\Desktop\workspace\Technology-Project\jars\lwjgl-assimp-javadoc.jar;C:\Users\YarikBur\Desktop\workspace\Technology-Project\jars\lwjgl-assimp-natives-windows.jar;C:\Users\YarikBur\Desktop\workspace\Technology-Project\jars\lwjgl-assimp-sources.jar;C:\Users\YarikBur\Desktop\workspace\Technology-Project\jars\lwjgl-assimp.jar;C:\Users\YarikBur\Desktop\workspace\Technology-Project\jars\lwjgl-bgfx-javadoc.jar;C:\Users\YarikBur\Desktop\workspace\Technology-Project\jars\lwjgl-bgfx-natives-windows.jar;C:\Users\YarikBur\Desktop\workspace\Technology-Project\jars\lwjgl-bgfx-sources.jar;C:\Users\YarikBur\Desktop\workspace\Technology-Project\jars\lwjgl-bgfx.jar;C:\Users\YarikBur\Desktop\workspace\Technology-Project\jars\lwjgl-egl-javadoc.jar;C:\Users\YarikBur\Desktop\workspace\Technology-Project\jars\lwjgl-egl-sources.jar;C:\Users\YarikBur\Desktop\workspace\Technology-Project\jars\lwjgl-egl.jar;C:\Users\YarikBur\Desktop\workspace\Technology-Project\jars\lwjgl-glfw-javadoc.jar;C:\Users\YarikBur\Desktop\workspace\Technology-Project\jars\lwjgl-glfw-natives-windows.jar;C:\Users\YarikBur\Desktop\workspace\Technology-Project\jars\lwjgl-glfw-sources.jar;C:\Users\YarikBur\Desktop\workspace\Technology-Project\jars\lwjgl-glfw.jar;C:\Users\YarikBur\Desktop\workspace\Technology-Project\jars\lwjgl-javadoc.jar;C:\Users\YarikBur\Desktop\workspace\Technology-Project\jars\lwjgl-jawt-javadoc.jar;C:\Users\YarikBur\Desktop\workspace\Technology-Project\jars\lwjgl-jawt-sources.jar;C:\Users\YarikBur\Desktop\workspace\Technology-Project\jars\lwjgl-jawt.jar;C:\Users\YarikBur\Desktop\workspace\Technology-Project\jars\lwjgl-jemalloc-javadoc.jar;C:\Users\YarikBur\Desktop\workspace\Technology-Project\jars\lwjgl-jemalloc-natives-windows.jar;C:\Users\YarikBur\Desktop\workspace\Technology-Project\jars\lwjgl-jemalloc-sources.jar;C:\Users\YarikBur\Desktop\workspace\Technology-Project\jars\lwjgl-jemalloc.jar;C:\
Launcher Type: SUN_STANDARD

Environment Variables:
PATH=C:/Program Files/Java/jre1.8.0_144/bin/server;C:/Program Files/Java/jre1.8.0_144/bin;C:/Program Files/Java/jre1.8.0_144/lib/amd64;C:\ProgramData\Oracle\Java\javapath;C:\Program Files (x86)\Intel\TXE Components\TCS\;C:\Program Files\Intel\TXE Components\TCS\;C:\WINDOWS\system32;C:\WINDOWS;C:\WINDOWS\System32\Wbem;C:\WINDOWS\System32\WindowsPowerShell\v1.0\;C:\Program Files\Intel\TXE Components\DAL\;C:\Program Files (x86)\Intel\TXE Components\DAL\;C:\Program Files\Intel\TXE Components\IPT\;C:\Program Files (x86)\Intel\TXE Components\IPT\;C:\Users\YarikBur\AppData\Local\Microsoft\WindowsApps;;C:\eclipse;
USERNAME=YarikBur
OS=Windows_NT
PROCESSOR_IDENTIFIER=Intel64 Family 6 Model 76 Stepping 4, GenuineIntel



---------------  S Y S T E M  ---------------

OS: Windows 10.0 , 64 bit Build 14393 (10.0.14393.0)

CPU:total 4 (initial active 4) (4 cores per cpu, 1 threads per core) family 6 model 76 stepping 4, cmov, cx8, fxsr, mmx, sse, sse2, sse3, ssse3, sse4.1, sse4.2, popcnt, aes, clmul, erms, 3dnowpref, tsc, tscinvbit

Memory: 4k page, physical 4116568k(1301108k free), swap 5558360k(2176824k free)

vm_info: Java HotSpot(TM) 64-Bit Server VM (25.144-b01) for windows-amd64 JRE (1.8.0_144-b01), built on Jul 21 2017 21:57:33 by "java_re" with MS VC++ 10.0 (VS2010)

time: Wed Oct 04 22:09:38 2017
elapsed time: 3 seconds (0d 0h 0m 3s)

